\BOOKMARK [0][-]{chapter*.1}{Introducci\363n}{}% 1
\BOOKMARK [0][-]{chapter*.1}{1. Introducci\363n a la computaci\363n de alto rendimiento}{}% 2
\BOOKMARK [1][-]{section.1.1}{Ejercicio 1}{chapter*.1}% 3
\BOOKMARK [2][-]{subsection.1.1.1}{Enunciado}{section.1.1}% 4
\BOOKMARK [2][-]{subsection.1.1.2}{Desarrollo}{section.1.1}% 5
\BOOKMARK [3][-]{section*.2}{ruta/fichero}{subsection.1.1.2}% 6
\BOOKMARK [1][-]{section.1.2}{Ejercicio 2}{chapter*.1}% 7
\BOOKMARK [2][-]{subsection.1.2.1}{Enunciado}{section.1.2}% 8
\BOOKMARK [2][-]{subsection.1.2.2}{Desarrollo}{section.1.2}% 9
\BOOKMARK [1][-]{section.1.3}{Ejercicio 3}{chapter*.1}% 10
\BOOKMARK [2][-]{subsection.1.3.1}{Enunciado}{section.1.3}% 11
\BOOKMARK [2][-]{subsection.1.3.2}{Desarrollo}{section.1.3}% 12
\BOOKMARK [1][-]{section.1.4}{Ejercicio 4}{chapter*.1}% 13
\BOOKMARK [2][-]{subsection.1.4.1}{Enunciado}{section.1.4}% 14
\BOOKMARK [2][-]{subsection.1.4.2}{Desarrollo}{section.1.4}% 15
\BOOKMARK [1][-]{section.1.5}{Ejercicio 5}{chapter*.1}% 16
\BOOKMARK [2][-]{subsection.1.5.1}{Enunciado}{section.1.5}% 17
\BOOKMARK [2][-]{subsection.1.5.2}{Desarrollo}{section.1.5}% 18
\BOOKMARK [1][-]{section.1.6}{Ejercicio 6}{chapter*.1}% 19
\BOOKMARK [2][-]{subsection.1.6.1}{Enunciado}{section.1.6}% 20
\BOOKMARK [2][-]{subsection.1.6.2}{Desarrollo}{section.1.6}% 21
\BOOKMARK [1][-]{section.1.7}{Ejercicio 7}{chapter*.1}% 22
\BOOKMARK [2][-]{subsection.1.7.1}{Enunciado}{section.1.7}% 23
\BOOKMARK [2][-]{subsection.1.7.2}{Desarrollo}{section.1.7}% 24
\BOOKMARK [0][-]{subsection.1.7.2}{Referencias bibliogr\341ficas}{}% 25
